conv1 28288
res2a_branch1 4160
res2a_branch2a 110656
res2a_branch2b 110656
res2b_branch2a 110656
res2b_branch2b 110656
res3a_branch1 8320
res3a_branch2a 221312
res3a_branch2b 442496
res3b_branch2a 442496
res3b_branch2b 442496
res4a_branch1 33024
res4a_branch2a 884992
res4a_branch2b 1769728
res4b_branch2a 1769728
res4b_branch2b 1769728
res5a_branch1 131584
res5a_branch2a 3539456
res5a_branch2b 7078400
res5b_branch2a 7078400
res5b_branch2b 7078400
fc8 249831
conv1 28288
res2a_branch1 4160
res2a_branch2a 110656
res2a_branch2b 110656
res2b_branch2a 110656
res2b_branch2b 110656
res3a_branch1 8320
res3a_branch2a 221312
res3a_branch2b 442496
res3b_branch2a 442496
res3b_branch2b 442496
res4a_branch1 33024
res4a_branch2a 884992
res4a_branch2b 1769728
res4b_branch2a 1769728
res4b_branch2b 1769728
res5a_branch1 131584
res5a_branch2a 3539456
res5a_branch2b 7078400
res5b_branch2a 7078400
res5b_branch2b 7078400
fc8 249831
conv1 28288
res2a_branch1 4160
res2a_branch2a 110656
res2a_branch2b 110656
res2b_branch2a 110656
res2b_branch2b 110656
res3a_branch1 8320
res3a_branch2a 221312
res3a_branch2b 442496
res3b_branch2a 442496
res3b_branch2b 442496
res4a_branch1 33024
res4a_branch2a 884992
res4a_branch2b 1769728
res4b_branch2a 1769728
res4b_branch2b 1769728
res5a_branch1 131584
res5a_branch2a 3539456
res5a_branch2b 7078400
res5b_branch2a 7078400
res5b_branch2b 7078400
fc8 249831
conv1 28288
conv1 28288
conv1 28288
res2a_branch1 4160
res2a_branch2a 110656
res2a_branch2b 110656
res2b_branch2a 110656
res2b_branch2b 110656
res3a_branch1 8320
res3a_branch2a 221312
res3a_branch2b 442496
res3b_branch2a 442496
res3b_branch2b 442496
res4a_branch1 33024
res4a_branch2a 884992
res4a_branch2b 1769728
res4b_branch2a 1769728
res4b_branch2b 1769728
res5a_branch1 131584
res5a_branch2a 3539456
res5a_branch2b 7078400
res5b_branch2a 7078400
res5b_branch2b 7078400
fc8 249831
conv1 28288
res2a_branch1 4160
res2a_branch2a 110656
res2a_branch2b 110656
res2b_branch2a 110656
res2b_branch2b 110656
res3a_branch1 8320
res3a_branch2a 221312
res3a_branch2b 442496
res3b_branch2a 442496
res3b_branch2b 442496
res4a_branch1 33024
res4a_branch2a 884992
res4a_branch2b 1769728
res4b_branch2a 1769728
res4b_branch2b 1769728
res5a_branch1 131584
res5a_branch2a 3539456
res5a_branch2b 7078400
res5b_branch2a 7078400
res5b_branch2b 7078400
fc8 249831
conv1 28288
res2a_branch1 4160
res2a_branch2a 110656
res2a_branch2b 110656
res2b_branch2a 110656
res2b_branch2b 110656
res3a_branch1 8320
res3a_branch2a 221312
res3a_branch2b 442496
res3b_branch2a 442496
res3b_branch2b 442496
res4a_branch1 33024
res4a_branch2a 884992
res4a_branch2b 1769728
res4b_branch2a 1769728
res4b_branch2b 1769728
res5a_branch1 131584
res5a_branch2a 3539456
res5a_branch2b 7078400
res5b_branch2a 7078400
res5b_branch2b 7078400
fc8 249831
conv1 28288
res2a_branch1 4160
res2a_branch2a 110656
res2a_branch2b 110656
res2b_branch2a 110656
res2b_branch2b 110656
res3a_branch1 8320
res3a_branch2a 221312
res3a_branch2b 442496
res3b_branch2a 442496
res3b_branch2b 442496
res4a_branch1 33024
res4a_branch2a 884992
res4a_branch2b 1769728
res4b_branch2a 1769728
res4b_branch2b 1769728
res5a_branch1 131584
res5a_branch2a 3539456
res5a_branch2b 7078400
res5b_branch2a 7078400
res5b_branch2b 7078400
fc8 249831
